<?xml version="1.0" encoding="UTF-8"?>
<!-- Generated by org.testng.reporters.JUnitReportReporter -->
<testsuite hostname="DESKTOP-0E0NMC8" failures="0" tests="1" name="framework_with_allure.AlertTest" time="12.724" errors="0" timestamp="2024-03-15T01:18:54 BDT" skipped="0">
  <testcase classname="framework_with_allure.AlertTest" name="alertTest" time="12.724"/>
</testsuite> <!-- framework_with_allure.AlertTest -->
